<?xml version="1.0" encoding="UTF-8"?>
<testng-results ignored="0" total="1" passed="1" failed="0" skipped="0">
  <reporter-output>
  </reporter-output>
  <suite started-at="2024-10-06T18:53:16 IST" name="Default suite" finished-at="2024-10-06T18:54:49 IST" duration-ms="93525">
    <groups>
    </groups>
    <test started-at="2024-10-06T18:53:16 IST" name="Default test" finished-at="2024-10-06T18:54:49 IST" duration-ms="93525">
      <class name="project.Carelabs">
        <test-method is-config="true" signature="setup()[pri:0, instance:project.Carelabs@3e08ff24]" started-at="2024-10-06T18:53:16 IST" name="setup" finished-at="2024-10-06T18:53:24 IST" duration-ms="8456" status="PASS">
          <reporter-output>
          </reporter-output>
        </test-method> <!-- setup -->
        <test-method is-config="true" signature="url()[pri:0, instance:project.Carelabs@3e08ff24]" started-at="2024-10-06T18:53:24 IST" name="url" finished-at="2024-10-06T18:53:33 IST" duration-ms="8940" status="PASS">
          <reporter-output>
          </reporter-output>
        </test-method> <!-- url -->
        <test-method signature="test1()[pri:0, instance:project.Carelabs@3e08ff24]" started-at="2024-10-06T18:53:33 IST" name="test1" finished-at="2024-10-06T18:54:49 IST" duration-ms="75992" status="PASS">
          <reporter-output>
          </reporter-output>
        </test-method> <!-- test1 -->
      </class> <!-- project.Carelabs -->
    </test> <!-- Default test -->
  </suite> <!-- Default suite -->
</testng-results>
